<?xml version="1.0" encoding="UTF-8"?>
<testsuite name="Test"
           tests="1"
           failures="1"
           errors="0"
           skipped="0"
           time="414.186">
  <properties />
            <testcase name="firstTest" time="414.186" classname="Test.NewTest">
                <failure type="java.lang.ThreadDeath"
                  message="(null)"
              >
<![CDATA[java.lang.ThreadDeath
  java.lang.Thread.stop(Thread.java:850)
  Test.NewTest.verifyImage(NewTest.java:307)
  Test.NewTest.findCombination(NewTest.java:172)
  Test.NewTest.clickCombination(NewTest.java:122)
  Test.NewTest.iterateMainLinks(NewTest.java:93)
  Test.NewTest.firstTest(NewTest.java:58)
  sun.reflect.NativeMethodAccessorImpl.invoke0(Native Method)
  sun.reflect.NativeMethodAccessorImpl.invoke(NativeMethodAccessorImpl.java:62)
  sun.reflect.DelegatingMethodAccessorImpl.invoke(DelegatingMethodAccessorImpl.java:43)
  java.lang.reflect.Method.invoke(Method.java:498)
  org.testng.internal.MethodInvocationHelper.invokeMethod(MethodInvocationHelper.java:85)
  org.testng.internal.Invoker.invokeMethod(Invoker.java:639)
  org.testng.internal.Invoker.invokeTestMethod(Invoker.java:816)
  org.testng.internal.Invoker.invokeTestMethods(Invoker.java:1124)
  org.testng.internal.TestMethodWorker.invokeTestMethods(TestMethodWorker.java:125)
  org.testng.internal.TestMethodWorker.run(TestMethodWorker.java:108)
  org.testng.TestRunner.privateRun(TestRunner.java:774)
  org.testng.TestRunner.run(TestRunner.java:624)
  org.testng.SuiteRunner.runTest(SuiteRunner.java:359)
  org.testng.SuiteRunner.runSequentially(SuiteRunner.java:354)
  org.testng.SuiteRunner.privateRun(SuiteRunner.java:312)
  org.testng.SuiteRunner.run(SuiteRunner.java:261)
  org.testng.SuiteRunnerWorker.runSuite(SuiteRunnerWorker.java:52)
  org.testng.SuiteRunnerWorker.run(SuiteRunnerWorker.java:86)
  org.testng.TestNG.runSuitesSequentially(TestNG.java:1215)
  org.testng.TestNG.runSuitesLocally(TestNG.java:1140)
  org.testng.TestNG.run(TestNG.java:1048)
  org.testng.TestNG.privateMain(TestNG.java:1355)
  org.testng.TestNG.main(TestNG.java:1324)
]]>
      </failure>

          </testcase>
  
  
  
</testsuite>
